Running: C:\Xilinx\14.7\ISE_DS\ISE\bin\nt64\unwrapped\fuse.exe -intstyle ise -incremental -o C:/Users/ABTIN/Documents/amirkabir un/term 4/Computer Architecture/Lab/HW8/HW8/TestBench_isim_beh.exe -prj C:/Users/ABTIN/Documents/amirkabir un/term 4/Computer Architecture/Lab/HW8/HW8/TestBench_beh.prj work.TestBench 
ISim P.20131013 (signature 0x7708f090)
Number of CPUs detected in this system: 4
Turning on mult-threading, number of parallel sub-compilation jobs: 8 
Determining compilation order of HDL files
Parsing VHDL file "C:/Users/ABTIN/Documents/amirkabir un/term 4/Computer Architecture/Lab/HW8/HW8/multiplexer.vhd" into library work
Parsing VHDL file "C:/Users/ABTIN/Documents/amirkabir un/term 4/Computer Architecture/Lab/HW8/HW8/DFF.vhd" into library work
Parsing VHDL file "C:/Users/ABTIN/Documents/amirkabir un/term 4/Computer Architecture/Lab/HW8/HW8/shiftRegister.vhd" into library work
Parsing VHDL file "C:/Users/ABTIN/Documents/amirkabir un/term 4/Computer Architecture/Lab/HW8/HW8/TestBench.vhd" into library work
Starting static elaboration
Completed static elaboration
Compiling package standard
Compiling package std_logic_1164
Compiling architecture behavioral of entity multiplexer [multiplexer_default]
Compiling architecture behavioral of entity DFLipFlop [dflipflop_default]
Compiling architecture structural of entity shiftRegister [shiftregister_default]
Compiling architecture behavior of entity testbench
Time Resolution for simulation is 1ps.
ERROR:Simulator:904 - Unable to remove previous simulation file isim/TestBench_isim_beh.exe.sim/TestBench_isim_beh.exe. Please check if you have another instance of this simulation running on your system, terminate it and then recompile your design. System Error Message: boost::filesystem::remove: Access is denied: "isim\TestBench_isim_beh.exe.sim\TestBench_isim_beh.exe"
ERROR:Simulator:861 - Failed to link the design
