Release 14.7 - xst P.20131013 (nt64)
Copyright (c) 1995-2013 Xilinx, Inc.  All rights reserved.
--> Parameter TMPDIR set to xst/projnav.tmp


Total REAL time to Xst completion: 0.00 secs
Total CPU time to Xst completion: 0.23 secs
 
--> Parameter xsthdpdir set to xst


Total REAL time to Xst completion: 0.00 secs
Total CPU time to Xst completion: 0.23 secs
 
--> Reading design: shiftRegister.prj

TABLE OF CONTENTS
  1) Synthesis Options Summary
  2) HDL Compilation
  3) Design Hierarchy Analysis
  4) HDL Analysis
  5) HDL Synthesis
     5.1) HDL Synthesis Report
  6) Advanced HDL Synthesis
     6.1) Advanced HDL Synthesis Report
  7) Low Level Synthesis
  8) Partition Report
  9) Final Report
	9.1) Device utilization summary
	9.2) Partition Resource Summary
	9.3) TIMING REPORT


=========================================================================
*                      Synthesis Options Summary                        *
=========================================================================
---- Source Parameters
Input File Name                    : "shiftRegister.prj"
Input Format                       : mixed
Ignore Synthesis Constraint File   : NO

---- Target Parameters
Output File Name                   : "shiftRegister"
Output Format                      : NGC
Target Device                      : xc3s50-5-pq208

---- Source Options
Top Module Name                    : shiftRegister
Automatic FSM Extraction           : YES
FSM Encoding Algorithm             : Auto
Safe Implementation                : No
FSM Style                          : LUT
RAM Extraction                     : Yes
RAM Style                          : Auto
ROM Extraction                     : Yes
Mux Style                          : Auto
Decoder Extraction                 : YES
Priority Encoder Extraction        : Yes
Shift Register Extraction          : YES
Logical Shifter Extraction         : YES
XOR Collapsing                     : YES
ROM Style                          : Auto
Mux Extraction                     : Yes
Resource Sharing                   : YES
Asynchronous To Synchronous        : NO
Multiplier Style                   : Auto
Automatic Register Balancing       : No

---- Target Options
Add IO Buffers                     : YES
Global Maximum Fanout              : 100000
Add Generic Clock Buffer(BUFG)     : 8
Register Duplication               : YES
Slice Packing                      : YES
Optimize Instantiated Primitives   : NO
Use Clock Enable                   : Yes
Use Synchronous Set                : Yes
Use Synchronous Reset              : Yes
Pack IO Registers into IOBs        : Auto
Equivalent register Removal        : YES

---- General Options
Optimization Goal                  : Speed
Optimization Effort                : 1
Keep Hierarchy                     : No
Netlist Hierarchy                  : As_Optimized
RTL Output                         : Yes
Global Optimization                : AllClockNets
Read Cores                         : YES
Write Timing Constraints           : NO
Cross Clock Analysis               : NO
Hierarchy Separator                : /
Bus Delimiter                      : <>
Case Specifier                     : Maintain
Slice Utilization Ratio            : 100
BRAM Utilization Ratio             : 100
Verilog 2001                       : YES
Auto BRAM Packing                  : NO
Slice Utilization Ratio Delta      : 5

=========================================================================


=========================================================================
*                          HDL Compilation                              *
=========================================================================
WARNING:HDLParsers:3607 - Unit work/shiftRegister is now defined in a different file.  It was defined in "C:/Users/ABTIN/Documents/amirkabir un/term 4/Computer Architecture/Lab/HW8/HW8/shiftRegister.vhd", and is now defined in "C:/Users/ASUS.PIESC/OneDrive/Desktop/Programing/VHDL/HW8/shiftRegister.vhd".
WARNING:HDLParsers:3607 - Unit work/DFLipFlop is now defined in a different file.  It was defined in "C:/Users/ABTIN/Documents/amirkabir un/term 4/Computer Architecture/Lab/HW8/HW8/DFF.vhd", and is now defined in "C:/Users/ASUS.PIESC/OneDrive/Desktop/Programing/VHDL/HW8/DFF.vhd".
WARNING:HDLParsers:3607 - Unit work/DFLipFlop/Behavioral is now defined in a different file.  It was defined in "C:/Users/ABTIN/Documents/amirkabir un/term 4/Computer Architecture/Lab/HW8/HW8/DFF.vhd", and is now defined in "C:/Users/ASUS.PIESC/OneDrive/Desktop/Programing/VHDL/HW8/DFF.vhd".
WARNING:HDLParsers:3607 - Unit work/multiplexer is now defined in a different file.  It was defined in "C:/Users/ABTIN/Documents/amirkabir un/term 4/Computer Architecture/Lab/HW8/HW8/multiplexer.vhd", and is now defined in "C:/Users/ASUS.PIESC/OneDrive/Desktop/Programing/VHDL/HW8/multiplexer.vhd".
WARNING:HDLParsers:3607 - Unit work/multiplexer/Behavioral is now defined in a different file.  It was defined in "C:/Users/ABTIN/Documents/amirkabir un/term 4/Computer Architecture/Lab/HW8/HW8/multiplexer.vhd", and is now defined in "C:/Users/ASUS.PIESC/OneDrive/Desktop/Programing/VHDL/HW8/multiplexer.vhd".
Compiling vhdl file "C:/Users/ASUS.PIESC/OneDrive/Desktop/Programing/VHDL/HW8/multiplexer.vhd" in Library work.
Architecture behavioral of Entity multiplexer is up to date.
Compiling vhdl file "C:/Users/ASUS.PIESC/OneDrive/Desktop/Programing/VHDL/HW8/DFF.vhd" in Library work.
Architecture behavioral of Entity dflipflop is up to date.
Compiling vhdl file "C:/Users/ASUS.PIESC/OneDrive/Desktop/Programing/VHDL/HW8/shiftRegister.vhd" in Library work.
Entity <shiftregister> compiled.
Entity <shiftRegister> (Architecture <structural>) compiled.

=========================================================================
*                     Design Hierarchy Analysis                         *
=========================================================================
Analyzing hierarchy for entity <shiftRegister> in library <work> (architecture <structural>).

Analyzing hierarchy for entity <multiplexer> in library <work> (architecture <behavioral>).

Analyzing hierarchy for entity <DFLipFlop> in library <work> (architecture <behavioral>).


=========================================================================
*                            HDL Analysis                               *
=========================================================================
Analyzing Entity <shiftRegister> in library <work> (Architecture <structural>).
Entity <shiftRegister> analyzed. Unit <shiftRegister> generated.

Analyzing Entity <multiplexer> in library <work> (Architecture <behavioral>).
WARNING:Xst:819 - "C:/Users/ASUS.PIESC/OneDrive/Desktop/Programing/VHDL/HW8/multiplexer.vhd" line 43: One or more signals are missing in the process sensitivity list. To enable synthesis of FPGA/CPLD hardware, XST will assume that all necessary signals are present in the sensitivity list. Please note that the result of the synthesis may differ from the initial design specification. The missing signals are:
   <DataIn>, <P_in>
Entity <multiplexer> analyzed. Unit <multiplexer> generated.

Analyzing Entity <DFLipFlop> in library <work> (Architecture <behavioral>).
Entity <DFLipFlop> analyzed. Unit <DFLipFlop> generated.


=========================================================================
*                           HDL Synthesis                               *
=========================================================================

Performing bidirectional port resolution...

Synthesizing Unit <multiplexer>.
    Related source file is "C:/Users/ASUS.PIESC/OneDrive/Desktop/Programing/VHDL/HW8/multiplexer.vhd".
Unit <multiplexer> synthesized.


Synthesizing Unit <DFLipFlop>.
    Related source file is "C:/Users/ASUS.PIESC/OneDrive/Desktop/Programing/VHDL/HW8/DFF.vhd".
    Found 1-bit register for signal <q>.
    Summary:
	inferred   1 D-type flip-flop(s).
Unit <DFLipFlop> synthesized.


Synthesizing Unit <shiftRegister>.
    Related source file is "C:/Users/ASUS.PIESC/OneDrive/Desktop/Programing/VHDL/HW8/shiftRegister.vhd".
WARNING:Xst:1780 - Signal <DFFOutput<3>> is never used or assigned. This unconnected signal will be trimmed during the optimization process.
Unit <shiftRegister> synthesized.


=========================================================================
HDL Synthesis Report

Macro Statistics
# Registers                                            : 4
 1-bit register                                        : 4

=========================================================================

=========================================================================
*                       Advanced HDL Synthesis                          *
=========================================================================


=========================================================================
Advanced HDL Synthesis Report

Macro Statistics
# Registers                                            : 4
 Flip-Flops                                            : 4

=========================================================================

=========================================================================
*                         Low Level Synthesis                           *
=========================================================================

Optimizing unit <shiftRegister> ...

Mapping all equations...
Building and optimizing final netlist ...
Found area constraint ratio of 100 (+ 5) on block shiftRegister, actual ratio is 0.

Final Macro Processing ...

=========================================================================
Final Register Report

Macro Statistics
# Registers                                            : 4
 Flip-Flops                                            : 4

=========================================================================

=========================================================================
*                           Partition Report                            *
=========================================================================

Partition Implementation Status
-------------------------------

  No Partitions were found in this design.

-------------------------------

=========================================================================
*                            Final Report                               *
=========================================================================
Final Results
RTL Top Level Output File Name     : shiftRegister.ngr
Top Level Output File Name         : shiftRegister
Output Format                      : NGC
Optimization Goal                  : Speed
Keep Hierarchy                     : No

Design Statistics
# IOs                              : 8

Cell Usage :
# BELS                             : 5
#      GND                         : 1
#      LUT3                        : 4
# FlipFlops/Latches                : 4
#      FDC                         : 4
# Clock Buffers                    : 1
#      BUFGP                       : 1
# IO Buffers                       : 7
#      IBUF                        : 6
#      OBUF                        : 1
=========================================================================

Device utilization summary:
---------------------------

Selected Device : 3s50pq208-5 

 Number of Slices:                        2  out of    768     0%  
 Number of Slice Flip Flops:              4  out of   1536     0%  
 Number of 4 input LUTs:                  4  out of   1536     0%  
 Number of IOs:                           8
 Number of bonded IOBs:                   8  out of    124     6%  
 Number of GCLKs:                         1  out of      8    12%  

---------------------------
Partition Resource Summary:
---------------------------

  No Partitions were found in this design.

---------------------------


=========================================================================
TIMING REPORT

NOTE: THESE TIMING NUMBERS ARE ONLY A SYNTHESIS ESTIMATE.
      FOR ACCURATE TIMING INFORMATION PLEASE REFER TO THE TRACE REPORT
      GENERATED AFTER PLACE-and-ROUTE.

Clock Information:
------------------
-----------------------------------+------------------------+-------+
Clock Signal                       | Clock buffer(FF name)  | Load  |
-----------------------------------+------------------------+-------+
Clk                                | BUFGP                  | 4     |
-----------------------------------+------------------------+-------+

Asynchronous Control Signals Information:
----------------------------------------
-----------------------------------+------------------------+-------+
Control Signal                     | Buffer(FF name)        | Load  |
-----------------------------------+------------------------+-------+
N0(XST_GND:G)                      | NONE(dff_interface0/q) | 4     |
-----------------------------------+------------------------+-------+

Timing Summary:
---------------
Speed Grade: -5

   Minimum period: 2.021ns (Maximum Frequency: 494.841MHz)
   Minimum input arrival time before clock: 2.444ns
   Maximum output required time after clock: 6.216ns
   Maximum combinational path delay: No path found

Timing Detail:
--------------
All values displayed in nanoseconds (ns)

=========================================================================
Timing constraint: Default period analysis for Clock 'Clk'
  Clock period: 2.021ns (frequency: 494.841MHz)
  Total number of paths / destination ports: 3 / 3
-------------------------------------------------------------------------
Delay:               2.021ns (Levels of Logic = 1)
  Source:            dff_interface2/q (FF)
  Destination:       dff_interface3/q (FF)
  Source Clock:      Clk rising
  Destination Clock: Clk rising

  Data Path: dff_interface2/q to dff_interface3/q
                                Gate     Net
    Cell:in->out      fanout   Delay   Delay  Logical Name (Net Name)
    ----------------------------------------  ------------
     FDC:C->Q              1   0.626   0.740  dff_interface2/q (dff_interface2/q)
     LUT3:I2->O            1   0.479   0.000  multiplexer3/Output1 (MuxOutput<3>)
     FDC:D                     0.176          dff_interface3/q
    ----------------------------------------
    Total                      2.021ns (1.281ns logic, 0.740ns route)
                                       (63.4% logic, 36.6% route)

=========================================================================
Timing constraint: Default OFFSET IN BEFORE for Clock 'Clk'
  Total number of paths / destination ports: 9 / 4
-------------------------------------------------------------------------
Offset:              2.444ns (Levels of Logic = 2)
  Source:            Selector (PAD)
  Destination:       dff_interface3/q (FF)
  Destination Clock: Clk rising

  Data Path: Selector to dff_interface3/q
                                Gate     Net
    Cell:in->out      fanout   Delay   Delay  Logical Name (Net Name)
    ----------------------------------------  ------------
     IBUF:I->O             4   0.715   1.074  Selector_IBUF (Selector_IBUF)
     LUT3:I0->O            1   0.479   0.000  multiplexer0/Output1 (MuxOutput<0>)
     FDC:D                     0.176          dff_interface0/q
    ----------------------------------------
    Total                      2.444ns (1.370ns logic, 1.074ns route)
                                       (56.0% logic, 44.0% route)

=========================================================================
Timing constraint: Default OFFSET OUT AFTER for Clock 'Clk'
  Total number of paths / destination ports: 1 / 1
-------------------------------------------------------------------------
Offset:              6.216ns (Levels of Logic = 1)
  Source:            dff_interface3/q (FF)
  Destination:       OutPut (PAD)
  Source Clock:      Clk rising

  Data Path: dff_interface3/q to OutPut
                                Gate     Net
    Cell:in->out      fanout   Delay   Delay  Logical Name (Net Name)
    ----------------------------------------  ------------
     FDC:C->Q              1   0.626   0.681  dff_interface3/q (dff_interface3/q)
     OBUF:I->O                 4.909          OutPut_OBUF (OutPut)
    ----------------------------------------
    Total                      6.216ns (5.535ns logic, 0.681ns route)
                                       (89.0% logic, 11.0% route)

=========================================================================


Total REAL time to Xst completion: 7.00 secs
Total CPU time to Xst completion: 7.44 secs
 
--> 

Total memory usage is 4497208 kilobytes

Number of errors   :    0 (   0 filtered)
Number of warnings :    7 (   0 filtered)
Number of infos    :    0 (   0 filtered)

