--------------------------------------------------------------------------------
Release 14.7 Trace  (nt64)
Copyright (c) 1995-2013 Xilinx, Inc.  All rights reserved.

C:\Xilinx\14.7\ISE_DS\ISE\bin\nt64\unwrapped\trce.exe -intstyle ise -v 3 -s 5
-n 3 -fastpaths -xml FourBitRippleAdderSubtractor.twx
FourBitRippleAdderSubtractor.ncd -o FourBitRippleAdderSubtractor.twr
FourBitRippleAdderSubtractor.pcf

Design file:              FourBitRippleAdderSubtractor.ncd
Physical constraint file: FourBitRippleAdderSubtractor.pcf
Device,package,speed:     xc3s50,pq208,-5 (PRODUCTION 1.39 2013-10-13)
Report level:             verbose report

Environment Variable      Effect 
--------------------      ------ 
NONE                      No environment variables were set
--------------------------------------------------------------------------------

INFO:Timing:2698 - No timing constraints found, doing default enumeration.
INFO:Timing:3412 - To improve timing, see the Timing Closure User Guide (UG612).
INFO:Timing:2752 - To get complete path coverage, use the unconstrained paths 
   option. All paths that are not constrained will be reported in the 
   unconstrained paths section(s) of the report.
INFO:Timing:3339 - The clock-to-out numbers in this timing report are based on 
   a 50 Ohm transmission line loading model.  For the details of this model, 
   and for more information on accounting for different loading conditions, 
   please see the device datasheet.
INFO:Timing:3390 - This architecture does not support a default System Jitter 
   value, please add SYSTEM_JITTER constraint to the UCF to modify the Clock 
   Uncertainty calculation.
INFO:Timing:3389 - This architecture does not support 'Discrete Jitter' and 
   'Phase Error' calculations, these terms will be zero in the Clock 
   Uncertainty calculation.  Please make appropriate modification to 
   SYSTEM_JITTER to account for the unsupported Discrete Jitter and Phase 
   Error.



Data Sheet report:
-----------------
All values displayed in nanoseconds (ns)

Pad to Pad
---------------+---------------+---------+
Source Pad     |Destination Pad|  Delay  |
---------------+---------------+---------+
A<0>           |Cout           |    8.766|
A<0>           |Sum<0>         |    6.320|
A<0>           |Sum<1>         |    7.371|
A<0>           |Sum<2>         |    8.463|
A<0>           |Sum<3>         |    9.024|
A<1>           |Cout           |    8.452|
A<1>           |Sum<1>         |    6.588|
A<1>           |Sum<2>         |    8.149|
A<1>           |Sum<3>         |    8.710|
A<2>           |Cout           |    7.355|
A<2>           |Sum<2>         |    7.072|
A<2>           |Sum<3>         |    7.613|
A<3>           |Cout           |    7.097|
A<3>           |Sum<3>         |    6.989|
B<0>           |Cout           |    9.321|
B<0>           |Sum<0>         |    6.602|
B<0>           |Sum<1>         |    7.926|
B<0>           |Sum<2>         |    9.018|
B<0>           |Sum<3>         |    9.579|
B<1>           |Cout           |    8.543|
B<1>           |Sum<1>         |    6.977|
B<1>           |Sum<2>         |    8.240|
B<1>           |Sum<3>         |    8.801|
B<2>           |Cout           |    7.817|
B<2>           |Sum<2>         |    7.241|
B<2>           |Sum<3>         |    8.075|
B<3>           |Cout           |    6.929|
B<3>           |Sum<3>         |    7.124|
Cin            |Cout           |    8.920|
Cin            |Sum<1>         |    7.525|
Cin            |Sum<2>         |    8.617|
Cin            |Sum<3>         |    9.178|
---------------+---------------+---------+


Analysis completed Tue Apr 19 14:00:57 2022 
--------------------------------------------------------------------------------

Trace Settings:
-------------------------
Trace Settings 

Peak Memory Usage: 4469 MB



