Running: C:\Xilinx\14.7\ISE_DS\ISE\bin\nt64\unwrapped\fuse.exe -intstyle ise -incremental -o C:/Users/ASUS.PIESC/OneDrive/Desktop/Programing/VHDL/Adder_Lab6/CSA_TB_isim_beh.exe -prj C:/Users/ASUS.PIESC/OneDrive/Desktop/Programing/VHDL/Adder_Lab6/CSA_TB_beh.prj work.CSA_TB 
ISim P.20131013 (signature 0x7708f090)
Number of CPUs detected in this system: 4
Turning on mult-threading, number of parallel sub-compilation jobs: 8 
Determining compilation order of HDL files
Parsing VHDL file "C:/Users/ASUS.PIESC/OneDrive/Desktop/Programing/VHDL/Adder_Lab6/FullAdder.vhd" into library work
Parsing VHDL file "C:/Users/ASUS.PIESC/OneDrive/Desktop/Programing/VHDL/Adder_Lab6/CarrySaveAdder_4bit.vhd" into library work
Parsing VHDL file "C:/Users/ASUS.PIESC/OneDrive/Desktop/Programing/VHDL/Adder_Lab6/CSA_TB.vhd" into library work
Starting static elaboration
Completed static elaboration
Compiling package standard
Compiling package std_logic_1164
Compiling architecture behavioral of entity FullAdder [fulladder_default]
Compiling architecture behavioral of entity CarrySaveAdder_4bit [carrysaveadder_4bit_default]
Compiling architecture behavior of entity csa_tb
Time Resolution for simulation is 1ps.
Waiting for 1 sub-compilation(s) to finish...
Compiled 7 VHDL Units
Built simulation executable C:/Users/ASUS.PIESC/OneDrive/Desktop/Programing/VHDL/Adder_Lab6/CSA_TB_isim_beh.exe
Fuse Memory Usage: 30068 KB
Fuse CPU Usage: 483 ms
