Release 14.7 - xst P.20131013 (nt64)
Copyright (c) 1995-2013 Xilinx, Inc.  All rights reserved.
--> Parameter TMPDIR set to xst/projnav.tmp


Total REAL time to Xst completion: 0.00 secs
Total CPU time to Xst completion: 0.17 secs
 
--> Parameter xsthdpdir set to xst


Total REAL time to Xst completion: 0.00 secs
Total CPU time to Xst completion: 0.17 secs
 
--> Reading design: BCDAdder.prj

TABLE OF CONTENTS
  1) Synthesis Options Summary
  2) HDL Compilation
  3) Design Hierarchy Analysis
  4) HDL Analysis
  5) HDL Synthesis
     5.1) HDL Synthesis Report
  6) Advanced HDL Synthesis
     6.1) Advanced HDL Synthesis Report
  7) Low Level Synthesis
  8) Partition Report
  9) Final Report
	9.1) Device utilization summary
	9.2) Partition Resource Summary
	9.3) TIMING REPORT


=========================================================================
*                      Synthesis Options Summary                        *
=========================================================================
---- Source Parameters
Input File Name                    : "BCDAdder.prj"
Input Format                       : mixed
Ignore Synthesis Constraint File   : NO

---- Target Parameters
Output File Name                   : "BCDAdder"
Output Format                      : NGC
Target Device                      : xc3s50-5-pq208

---- Source Options
Top Module Name                    : BCDAdder
Automatic FSM Extraction           : YES
FSM Encoding Algorithm             : Auto
Safe Implementation                : No
FSM Style                          : LUT
RAM Extraction                     : Yes
RAM Style                          : Auto
ROM Extraction                     : Yes
Mux Style                          : Auto
Decoder Extraction                 : YES
Priority Encoder Extraction        : Yes
Shift Register Extraction          : YES
Logical Shifter Extraction         : YES
XOR Collapsing                     : YES
ROM Style                          : Auto
Mux Extraction                     : Yes
Resource Sharing                   : YES
Asynchronous To Synchronous        : NO
Multiplier Style                   : Auto
Automatic Register Balancing       : No

---- Target Options
Add IO Buffers                     : YES
Global Maximum Fanout              : 500
Add Generic Clock Buffer(BUFG)     : 8
Register Duplication               : YES
Slice Packing                      : YES
Optimize Instantiated Primitives   : NO
Use Clock Enable                   : Yes
Use Synchronous Set                : Yes
Use Synchronous Reset              : Yes
Pack IO Registers into IOBs        : Auto
Equivalent register Removal        : YES

---- General Options
Optimization Goal                  : Speed
Optimization Effort                : 1
Keep Hierarchy                     : No
Netlist Hierarchy                  : As_Optimized
RTL Output                         : Yes
Global Optimization                : AllClockNets
Read Cores                         : YES
Write Timing Constraints           : NO
Cross Clock Analysis               : NO
Hierarchy Separator                : /
Bus Delimiter                      : <>
Case Specifier                     : Maintain
Slice Utilization Ratio            : 100
BRAM Utilization Ratio             : 100
Verilog 2001                       : YES
Auto BRAM Packing                  : NO
Slice Utilization Ratio Delta      : 5

=========================================================================


=========================================================================
*                          HDL Compilation                              *
=========================================================================
Compiling vhdl file "C:/Users/ASUS.PIESC/OneDrive/Desktop/Programing/VHDL/BCDAdder_Lab5/FullAdder.vhd" in Library work.
Architecture behavioral of Entity fulladder is up to date.
Compiling vhdl file "C:/Users/ASUS.PIESC/OneDrive/Desktop/Programing/VHDL/BCDAdder_Lab5/FourBitRippleAdder.vhd" in Library work.
Architecture behavioral of Entity fourbitrippleadder is up to date.
Compiling vhdl file "C:/Users/ASUS.PIESC/OneDrive/Desktop/Programing/VHDL/BCDAdder_Lab5/BCDAdder.vhd" in Library work.
Entity <bcdadder> compiled.
Entity <bcdadder> (Architecture <behavioral>) compiled.

=========================================================================
*                     Design Hierarchy Analysis                         *
=========================================================================
Analyzing hierarchy for entity <BCDAdder> in library <work> (architecture <behavioral>).

Analyzing hierarchy for entity <FourBitRippleAdder> in library <work> (architecture <behavioral>).

Analyzing hierarchy for entity <FullAdder> in library <work> (architecture <behavioral>).


=========================================================================
*                            HDL Analysis                               *
=========================================================================
Analyzing Entity <BCDAdder> in library <work> (Architecture <behavioral>).
Entity <BCDAdder> analyzed. Unit <BCDAdder> generated.

Analyzing Entity <FourBitRippleAdder> in library <work> (Architecture <behavioral>).
Entity <FourBitRippleAdder> analyzed. Unit <FourBitRippleAdder> generated.

Analyzing Entity <FullAdder> in library <work> (Architecture <behavioral>).
Entity <FullAdder> analyzed. Unit <FullAdder> generated.


=========================================================================
*                           HDL Synthesis                               *
=========================================================================

Performing bidirectional port resolution...

Synthesizing Unit <FullAdder>.
    Related source file is "C:/Users/ASUS.PIESC/OneDrive/Desktop/Programing/VHDL/BCDAdder_Lab5/FullAdder.vhd".
    Found 1-bit xor2 for signal <Sum>.
    Found 1-bit xor2 for signal <firstXorGate>.
Unit <FullAdder> synthesized.


Synthesizing Unit <FourBitRippleAdder>.
    Related source file is "C:/Users/ASUS.PIESC/OneDrive/Desktop/Programing/VHDL/BCDAdder_Lab5/FourBitRippleAdder.vhd".
Unit <FourBitRippleAdder> synthesized.


Synthesizing Unit <BCDAdder>.
    Related source file is "C:/Users/ASUS.PIESC/OneDrive/Desktop/Programing/VHDL/BCDAdder_Lab5/BCDAdder.vhd".
WARNING:Xst:646 - Signal <carryOut_Wire2> is assigned but never used. This unconnected signal will be trimmed during the optimization process.
Unit <BCDAdder> synthesized.


=========================================================================
HDL Synthesis Report

Macro Statistics
# Xors                                                 : 16
 1-bit xor2                                            : 16

=========================================================================

=========================================================================
*                       Advanced HDL Synthesis                          *
=========================================================================


=========================================================================
Advanced HDL Synthesis Report

Macro Statistics
# Xors                                                 : 16
 1-bit xor2                                            : 16

=========================================================================

=========================================================================
*                         Low Level Synthesis                           *
=========================================================================

Optimizing unit <BCDAdder> ...

Mapping all equations...
Building and optimizing final netlist ...
Found area constraint ratio of 100 (+ 5) on block BCDAdder, actual ratio is 0.

Final Macro Processing ...

=========================================================================
Final Register Report

Found no macro
=========================================================================

=========================================================================
*                           Partition Report                            *
=========================================================================

Partition Implementation Status
-------------------------------

  No Partitions were found in this design.

-------------------------------

=========================================================================
*                            Final Report                               *
=========================================================================
Final Results
RTL Top Level Output File Name     : BCDAdder.ngr
Top Level Output File Name         : BCDAdder
Output Format                      : NGC
Optimization Goal                  : Speed
Keep Hierarchy                     : No

Design Statistics
# IOs                              : 14

Cell Usage :
# BELS                             : 13
#      LUT2                        : 1
#      LUT3                        : 8
#      LUT4                        : 4
# IO Buffers                       : 14
#      IBUF                        : 9
#      OBUF                        : 5
=========================================================================

Device utilization summary:
---------------------------

Selected Device : 3s50pq208-5 

 Number of Slices:                        7  out of    768     0%  
 Number of 4 input LUTs:                 13  out of   1536     0%  
 Number of IOs:                          14
 Number of bonded IOBs:                  14  out of    124    11%  

---------------------------
Partition Resource Summary:
---------------------------

  No Partitions were found in this design.

---------------------------


=========================================================================
TIMING REPORT

NOTE: THESE TIMING NUMBERS ARE ONLY A SYNTHESIS ESTIMATE.
      FOR ACCURATE TIMING INFORMATION PLEASE REFER TO THE TRACE REPORT
      GENERATED AFTER PLACE-and-ROUTE.

Clock Information:
------------------
No clock signals found in this design

Asynchronous Control Signals Information:
----------------------------------------
No asynchronous control signals found in this design

Timing Summary:
---------------
Speed Grade: -5

   Minimum period: No path found
   Minimum input arrival time before clock: No path found
   Maximum output required time after clock: No path found
   Maximum combinational path delay: 17.586ns

Timing Detail:
--------------
All values displayed in nanoseconds (ns)

=========================================================================
Timing constraint: Default path analysis
  Total number of paths / destination ports: 229 / 5
-------------------------------------------------------------------------
Delay:               17.586ns (Levels of Logic = 10)
  Source:            b<0> (PAD)
  Destination:       sum<3> (PAD)

  Data Path: b<0> to sum<3>
                                Gate     Net
    Cell:in->out      fanout   Delay   Delay  Logical Name (Net Name)
    ----------------------------------------  ------------
     IBUF:I->O             2   0.715   1.040  b_0_IBUF (b_0_IBUF)
     LUT3:I0->O            2   0.479   0.915  FBR1/fullAdder_interface0/Cout1 (FBR1/FullAdder_CarryOut_Wire<0>)
     LUT3:I1->O            2   0.479   0.915  FBR1/fullAdder_interface1/Cout1 (FBR1/FullAdder_CarryOut_Wire<1>)
     LUT3:I1->O            2   0.479   0.804  FBR1/fullAdder_interface2/Cout1 (FBR1/FullAdder_CarryOut_Wire<2>)
     LUT3:I2->O            2   0.479   1.040  FBR1/fullAdder_interface3/Mxor_Sum_Result1 (FBR2/fullAdder_interface3/Mxor_firstXorGate_Result_and0001)
     LUT3:I0->O            1   0.479   0.740  lastCarry_SW0 (N7)
     LUT4:I2->O            5   0.479   1.078  lastCarry (Cout_OBUF)
     LUT4:I0->O            2   0.479   0.915  FBR2/fullAdder_interface1/Cout1 (FBR2/FullAdder_CarryOut_Wire<1>)
     LUT3:I1->O            1   0.479   0.681  FBR2/fullAdder_interface2/Mxor_Sum_Result1 (sum_2_OBUF)
     OBUF:I->O                 4.909          sum_2_OBUF (sum<2>)
    ----------------------------------------
    Total                     17.586ns (9.456ns logic, 8.130ns route)
                                       (53.8% logic, 46.2% route)

=========================================================================


Total REAL time to Xst completion: 6.00 secs
Total CPU time to Xst completion: 6.41 secs
 
--> 

Total memory usage is 4497196 kilobytes

Number of errors   :    0 (   0 filtered)
Number of warnings :    1 (   0 filtered)
Number of infos    :    0 (   0 filtered)

