Release 14.7 - xst P.20131013 (nt64)
Copyright (c) 1995-2013 Xilinx, Inc.  All rights reserved.
--> Parameter TMPDIR set to xst/projnav.tmp


Total REAL time to Xst completion: 0.00 secs
Total CPU time to Xst completion: 0.20 secs
 
--> Parameter xsthdpdir set to xst


Total REAL time to Xst completion: 0.00 secs
Total CPU time to Xst completion: 0.21 secs
 
--> Reading design: HalfAdder.prj

TABLE OF CONTENTS
  1) Synthesis Options Summary
  2) HDL Compilation
  3) Design Hierarchy Analysis
  4) HDL Analysis
  5) HDL Synthesis
     5.1) HDL Synthesis Report
  6) Advanced HDL Synthesis
     6.1) Advanced HDL Synthesis Report
  7) Low Level Synthesis
  8) Partition Report
  9) Final Report
	9.1) Device utilization summary
	9.2) Partition Resource Summary
	9.3) TIMING REPORT


=========================================================================
*                      Synthesis Options Summary                        *
=========================================================================
---- Source Parameters
Input File Name                    : "HalfAdder.prj"
Input Format                       : mixed
Ignore Synthesis Constraint File   : NO

---- Target Parameters
Output File Name                   : "HalfAdder"
Output Format                      : NGC
Target Device                      : xc3s50-5-pq208

---- Source Options
Top Module Name                    : HalfAdder
Automatic FSM Extraction           : YES
FSM Encoding Algorithm             : Auto
Safe Implementation                : No
FSM Style                          : LUT
RAM Extraction                     : Yes
RAM Style                          : Auto
ROM Extraction                     : Yes
Mux Style                          : Auto
Decoder Extraction                 : YES
Priority Encoder Extraction        : Yes
Shift Register Extraction          : YES
Logical Shifter Extraction         : YES
XOR Collapsing                     : YES
ROM Style                          : Auto
Mux Extraction                     : Yes
Resource Sharing                   : YES
Asynchronous To Synchronous        : NO
Multiplier Style                   : Auto
Automatic Register Balancing       : No

---- Target Options
Add IO Buffers                     : YES
Global Maximum Fanout              : 500
Add Generic Clock Buffer(BUFG)     : 8
Register Duplication               : YES
Slice Packing                      : YES
Optimize Instantiated Primitives   : NO
Use Clock Enable                   : Yes
Use Synchronous Set                : Yes
Use Synchronous Reset              : Yes
Pack IO Registers into IOBs        : Auto
Equivalent register Removal        : YES

---- General Options
Optimization Goal                  : Speed
Optimization Effort                : 1
Keep Hierarchy                     : No
Netlist Hierarchy                  : As_Optimized
RTL Output                         : Yes
Global Optimization                : AllClockNets
Read Cores                         : YES
Write Timing Constraints           : NO
Cross Clock Analysis               : NO
Hierarchy Separator                : /
Bus Delimiter                      : <>
Case Specifier                     : Maintain
Slice Utilization Ratio            : 100
BRAM Utilization Ratio             : 100
Verilog 2001                       : YES
Auto BRAM Packing                  : NO
Slice Utilization Ratio Delta      : 5

=========================================================================


=========================================================================
*                          HDL Compilation                              *
=========================================================================
Compiling vhdl file "C:/Users/ASUS.PIESC/OneDrive/Desktop/Programing/VHDL/FullAdder_Lab1/XorInput.vhd" in Library work.
Architecture behavioral of Entity xorinput is up to date.
Compiling vhdl file "C:/Users/ASUS.PIESC/OneDrive/Desktop/Programing/VHDL/FullAdder_Lab1/And2Input.vhd" in Library work.
Architecture behavioral of Entity and2input is up to date.
Compiling vhdl file "C:/Users/ASUS.PIESC/OneDrive/Desktop/Programing/VHDL/FullAdder_Lab1/HalfAdder.vhd" in Library work.
Entity <halfadder> compiled.
Entity <HalfAdder> (Architecture <structure>) compiled.

=========================================================================
*                     Design Hierarchy Analysis                         *
=========================================================================
Analyzing hierarchy for entity <HalfAdder> in library <work> (architecture <structure>).

Analyzing hierarchy for entity <XorInput> in library <work> (architecture <behavioral>).

Analyzing hierarchy for entity <And2Input> in library <work> (architecture <behavioral>).


=========================================================================
*                            HDL Analysis                               *
=========================================================================
Analyzing Entity <HalfAdder> in library <work> (Architecture <structure>).
Entity <HalfAdder> analyzed. Unit <HalfAdder> generated.

Analyzing Entity <XorInput> in library <work> (Architecture <behavioral>).
Entity <XorInput> analyzed. Unit <XorInput> generated.

Analyzing Entity <And2Input> in library <work> (Architecture <behavioral>).
Entity <And2Input> analyzed. Unit <And2Input> generated.


=========================================================================
*                           HDL Synthesis                               *
=========================================================================

Performing bidirectional port resolution...

Synthesizing Unit <XorInput>.
    Related source file is "C:/Users/ASUS.PIESC/OneDrive/Desktop/Programing/VHDL/FullAdder_Lab1/XorInput.vhd".
    Found 1-bit xor2 for signal <c>.
Unit <XorInput> synthesized.


Synthesizing Unit <And2Input>.
    Related source file is "C:/Users/ASUS.PIESC/OneDrive/Desktop/Programing/VHDL/FullAdder_Lab1/And2Input.vhd".
Unit <And2Input> synthesized.


Synthesizing Unit <HalfAdder>.
    Related source file is "C:/Users/ASUS.PIESC/OneDrive/Desktop/Programing/VHDL/FullAdder_Lab1/HalfAdder.vhd".
Unit <HalfAdder> synthesized.


=========================================================================
HDL Synthesis Report

Macro Statistics
# Xors                                                 : 1
 1-bit xor2                                            : 1

=========================================================================

=========================================================================
*                       Advanced HDL Synthesis                          *
=========================================================================

