Release 14.7 - xst P.20131013 (nt64)
Copyright (c) 1995-2013 Xilinx, Inc.  All rights reserved.
--> Parameter TMPDIR set to xst/projnav.tmp


Total REAL time to Xst completion: 1.00 secs
Total CPU time to Xst completion: 0.28 secs
 
--> Parameter xsthdpdir set to xst


Total REAL time to Xst completion: 1.00 secs
Total CPU time to Xst completion: 0.29 secs
 
--> Reading design: VHDL_MOORE_FSM_Sequence_Detector.prj

TABLE OF CONTENTS
  1) Synthesis Options Summary
  2) HDL Compilation
  3) Design Hierarchy Analysis
  4) HDL Analysis
  5) HDL Synthesis
     5.1) HDL Synthesis Report
  6) Advanced HDL Synthesis
     6.1) Advanced HDL Synthesis Report
  7) Low Level Synthesis
  8) Partition Report
  9) Final Report
	9.1) Device utilization summary
	9.2) Partition Resource Summary
	9.3) TIMING REPORT


=========================================================================
*                      Synthesis Options Summary                        *
=========================================================================
---- Source Parameters
Input File Name                    : "VHDL_MOORE_FSM_Sequence_Detector.prj"
Input Format                       : mixed
Ignore Synthesis Constraint File   : NO

---- Target Parameters
Output File Name                   : "VHDL_MOORE_FSM_Sequence_Detector"
Output Format                      : NGC
Target Device                      : xc3s50-5-pq208

---- Source Options
Top Module Name                    : VHDL_MOORE_FSM_Sequence_Detector
Automatic FSM Extraction           : YES
FSM Encoding Algorithm             : Auto
Safe Implementation                : No
FSM Style                          : LUT
RAM Extraction                     : Yes
RAM Style                          : Auto
ROM Extraction                     : Yes
Mux Style                          : Auto
Decoder Extraction                 : YES
Priority Encoder Extraction        : Yes
Shift Register Extraction          : YES
Logical Shifter Extraction         : YES
XOR Collapsing                     : YES
ROM Style                          : Auto
Mux Extraction                     : Yes
Resource Sharing                   : YES
Asynchronous To Synchronous        : NO
Multiplier Style                   : Auto
Automatic Register Balancing       : No

---- Target Options
Add IO Buffers                     : YES
Global Maximum Fanout              : 500
Add Generic Clock Buffer(BUFG)     : 8
Register Duplication               : YES
Slice Packing                      : YES
Optimize Instantiated Primitives   : NO
Use Clock Enable                   : Yes
Use Synchronous Set                : Yes
Use Synchronous Reset              : Yes
Pack IO Registers into IOBs        : Auto
Equivalent register Removal        : YES

---- General Options
Optimization Goal                  : Speed
Optimization Effort                : 1
Keep Hierarchy                     : No
Netlist Hierarchy                  : As_Optimized
RTL Output                         : Yes
Global Optimization                : AllClockNets
Read Cores                         : YES
Write Timing Constraints           : NO
Cross Clock Analysis               : NO
Hierarchy Separator                : /
Bus Delimiter                      : <>
Case Specifier                     : Maintain
Slice Utilization Ratio            : 100
BRAM Utilization Ratio             : 100
Verilog 2001                       : YES
Auto BRAM Packing                  : NO
Slice Utilization Ratio Delta      : 5

=========================================================================


=========================================================================
*                          HDL Compilation                              *
=========================================================================
Compiling vhdl file "C:/Users/ASUS.PIESC/OneDrive/Desktop/Programing/VHDL/sequenceDetector_Lab4/VHDL_MOORE_FSM_Sequence_Detector.vhd" in Library work.
Architecture behavioral of Entity vhdl_moore_fsm_sequence_detector is up to date.

=========================================================================
*                     Design Hierarchy Analysis                         *
=========================================================================
Analyzing hierarchy for entity <VHDL_MOORE_FSM_Sequence_Detector> in library <work> (architecture <behavioral>).


=========================================================================
*                            HDL Analysis                               *
=========================================================================
Analyzing Entity <VHDL_MOORE_FSM_Sequence_Detector> in library <work> (Architecture <behavioral>).
Entity <VHDL_MOORE_FSM_Sequence_Detector> analyzed. Unit <VHDL_MOORE_FSM_Sequence_Detector> generated.


=========================================================================
*                           HDL Synthesis                               *
=========================================================================

Performing bidirectional port resolution...

Synthesizing Unit <VHDL_MOORE_FSM_Sequence_Detector>.
    Related source file is "C:/Users/ASUS.PIESC/OneDrive/Desktop/Programing/VHDL/sequenceDetector_Lab4/VHDL_MOORE_FSM_Sequence_Detector.vhd".
    Found finite state machine <FSM_0> for signal <current_state>.
    -----------------------------------------------------------------------
    | States             | 5                                              |
    | Transitions        | 10                                             |
    | Inputs             | 1                                              |
    | Outputs            | 1                                              |
    | Clock              | clock                     (rising_edge)        |
    | Reset              | reset                     (positive)           |
    | Reset type         | asynchronous                                   |
    | Reset State        | zero                                           |
    | Power Up State     | zero                                           |
    | Encoding           | automatic                                      |
    | Implementation     | LUT                                            |
    -----------------------------------------------------------------------
    Summary:
	inferred   1 Finite State Machine(s).
Unit <VHDL_MOORE_FSM_Sequence_Detector> synthesized.


=========================================================================
HDL Synthesis Report

Found no macro
=========================================================================

=========================================================================
*                       Advanced HDL Synthesis                          *
=========================================================================

Analyzing FSM <FSM_0> for best encoding.
Optimizing FSM <current_state/FSM> on signal <current_state[1:3]> with gray encoding.
---------------------------
 State         | Encoding
---------------------------
 zero          | 000
 one           | 001
 oneone        | 011
 oneoneone     | 010
 oneoneonezero | 110
---------------------------

=========================================================================
Advanced HDL Synthesis Report

Macro Statistics
# FSMs                                                 : 1

=========================================================================

=========================================================================
*                         Low Level Synthesis                           *
=========================================================================

Optimizing unit <VHDL_MOORE_FSM_Sequence_Detector> ...

Mapping all equations...
Building and optimizing final netlist ...
Found area constraint ratio of 100 (+ 5) on block VHDL_MOORE_FSM_Sequence_Detector, actual ratio is 0.

Final Macro Processing ...

=========================================================================
Final Register Report

Macro Statistics
# Registers                                            : 3
 Flip-Flops                                            : 3

=========================================================================

=========================================================================
*                           Partition Report                            *
=========================================================================

Partition Implementation Status
-------------------------------

  No Partitions were found in this design.

-------------------------------

=========================================================================
*                            Final Report                               *
=========================================================================
Final Results
RTL Top Level Output File Name     : VHDL_MOORE_FSM_Sequence_Detector.ngr
Top Level Output File Name         : VHDL_MOORE_FSM_Sequence_Detector
Output Format                      : NGC
Optimization Goal                  : Speed
Keep Hierarchy                     : No

Design Statistics
# IOs                              : 4

Cell Usage :
# BELS                             : 3
#      LUT4                        : 3
# FlipFlops/Latches                : 3
#      FDC                         : 3
# Clock Buffers                    : 1
#      BUFGP                       : 1
# IO Buffers                       : 3
#      IBUF                        : 2
#      OBUF                        : 1
=========================================================================

Device utilization summary:
---------------------------

Selected Device : 3s50pq208-5 

 Number of Slices:                        2  out of    768     0%  
 Number of Slice Flip Flops:              3  out of   1536     0%  
 Number of 4 input LUTs:                  3  out of   1536     0%  
 Number of IOs:                           4
 Number of bonded IOBs:                   4  out of    124     3%  
 Number of GCLKs:                         1  out of      8    12%  

---------------------------
Partition Resource Summary:
---------------------------

  No Partitions were found in this design.

---------------------------


=========================================================================
TIMING REPORT

NOTE: THESE TIMING NUMBERS ARE ONLY A SYNTHESIS ESTIMATE.
      FOR ACCURATE TIMING INFORMATION PLEASE REFER TO THE TRACE REPORT
      GENERATED AFTER PLACE-and-ROUTE.

Clock Information:
------------------
-----------------------------------+------------------------+-------+
Clock Signal                       | Clock buffer(FF name)  | Load  |
-----------------------------------+------------------------+-------+
clock                              | BUFGP                  | 3     |
-----------------------------------+------------------------+-------+

Asynchronous Control Signals Information:
----------------------------------------
-----------------------------------+------------------------+-------+
Control Signal                     | Buffer(FF name)        | Load  |
-----------------------------------+------------------------+-------+
reset                              | IBUF                   | 3     |
-----------------------------------+------------------------+-------+

Timing Summary:
---------------
Speed Grade: -5

   Minimum period: 2.222ns (Maximum Frequency: 450.055MHz)
   Minimum input arrival time before clock: 2.436ns
   Maximum output required time after clock: 6.314ns
   Maximum combinational path delay: No path found

Timing Detail:
--------------
All values displayed in nanoseconds (ns)

=========================================================================
Timing constraint: Default period analysis for Clock 'clock'
  Clock period: 2.222ns (frequency: 450.055MHz)
  Total number of paths / destination ports: 9 / 3
-------------------------------------------------------------------------
Delay:               2.222ns (Levels of Logic = 1)
  Source:            current_state_FSM_FFd3 (FF)
  Destination:       current_state_FSM_FFd3 (FF)
  Source Clock:      clock rising
  Destination Clock: clock rising

  Data Path: current_state_FSM_FFd3 to current_state_FSM_FFd3
                                Gate     Net
    Cell:in->out      fanout   Delay   Delay  Logical Name (Net Name)
    ----------------------------------------  ------------
     FDC:C->Q              3   0.626   0.941  current_state_FSM_FFd3 (current_state_FSM_FFd3)
     LUT4:I1->O            1   0.479   0.000  current_state_FSM_FFd3-In1 (current_state_FSM_FFd3-In)
     FDC:D                     0.176          current_state_FSM_FFd3
    ----------------------------------------
    Total                      2.222ns (1.281ns logic, 0.941ns route)
                                       (57.7% logic, 42.3% route)

=========================================================================
Timing constraint: Default OFFSET IN BEFORE for Clock 'clock'
  Total number of paths / destination ports: 3 / 3
-------------------------------------------------------------------------
Offset:              2.436ns (Levels of Logic = 2)
  Source:            sequence_in (PAD)
  Destination:       current_state_FSM_FFd3 (FF)
  Destination Clock: clock rising

  Data Path: sequence_in to current_state_FSM_FFd3
                                Gate     Net
    Cell:in->out      fanout   Delay   Delay  Logical Name (Net Name)
    ----------------------------------------  ------------
     IBUF:I->O             3   0.715   1.066  sequence_in_IBUF (sequence_in_IBUF)
     LUT4:I0->O            1   0.479   0.000  current_state_FSM_FFd3-In1 (current_state_FSM_FFd3-In)
     FDC:D                     0.176          current_state_FSM_FFd3
    ----------------------------------------
    Total                      2.436ns (1.370ns logic, 1.066ns route)
                                       (56.2% logic, 43.8% route)

=========================================================================
Timing constraint: Default OFFSET OUT AFTER for Clock 'clock'
  Total number of paths / destination ports: 1 / 1
-------------------------------------------------------------------------
Offset:              6.314ns (Levels of Logic = 1)
  Source:            current_state_FSM_FFd1 (FF)
  Destination:       detector_out (PAD)
  Source Clock:      clock rising

  Data Path: current_state_FSM_FFd1 to detector_out
                                Gate     Net
    Cell:in->out      fanout   Delay   Delay  Logical Name (Net Name)
    ----------------------------------------  ------------
     FDC:C->Q              4   0.626   0.779  current_state_FSM_FFd1 (current_state_FSM_FFd1)
     OBUF:I->O                 4.909          detector_out_OBUF (detector_out)
    ----------------------------------------
    Total                      6.314ns (5.535ns logic, 0.779ns route)
                                       (87.7% logic, 12.3% route)

=========================================================================


Total REAL time to Xst completion: 6.00 secs
Total CPU time to Xst completion: 5.54 secs
 
--> 

Total memory usage is 4497268 kilobytes

Number of errors   :    0 (   0 filtered)
Number of warnings :    0 (   0 filtered)
Number of infos    :    0 (   0 filtered)

