Running: C:\Xilinx\14.7\ISE_DS\ISE\bin\nt64\unwrapped\fuse.exe -intstyle ise -incremental -o C:/Users/ASUS.PIESC/OneDrive/Desktop/Programing/VHDL/and_Lab1/and4InputTB_isim_beh.exe -prj C:/Users/ASUS.PIESC/OneDrive/Desktop/Programing/VHDL/and_Lab1/and4InputTB_beh.prj work.and4InputTB 
ISim P.20131013 (signature 0x7708f090)
Number of CPUs detected in this system: 4
Turning on mult-threading, number of parallel sub-compilation jobs: 8 
Determining compilation order of HDL files
Parsing VHDL file "C:/Users/ASUS.PIESC/OneDrive/Desktop/Programing/VHDL/and_Lab1/and2Input.vhd" into library work
Parsing VHDL file "C:/Users/ASUS.PIESC/OneDrive/Desktop/Programing/VHDL/and_Lab1/and4Input.vhd" into library work
Parsing VHDL file "C:/Users/ASUS.PIESC/OneDrive/Desktop/Programing/VHDL/and_Lab1/and4InputTB.vhd" into library work
Starting static elaboration
Completed static elaboration
Compiling package standard
Compiling package std_logic_1164
Compiling architecture behavioral of entity and2Input [and2input_default]
Compiling architecture behavioral of entity and4Input [and4input_default]
Compiling architecture behavior of entity and4inputtb
Time Resolution for simulation is 1ps.
Waiting for 1 sub-compilation(s) to finish...
Compiled 7 VHDL Units
Built simulation executable C:/Users/ASUS.PIESC/OneDrive/Desktop/Programing/VHDL/and_Lab1/and4InputTB_isim_beh.exe
Fuse Memory Usage: 30480 KB
Fuse CPU Usage: 515 ms
